// 同步 ID: 75662a12 @ Wed Jul  1 11:25:41 UTC 2026
// 重构日志: 3a9396a1
// 重构日志: cc5ab591
// 重构日志: 56297f28
// 重构日志: a880e53c
// 重构日志: 344118db
// 同步 ID: da5a56b0 @ Sat Jul 11 18:25:58 UTC 2026
// 同步 ID: fe55a918 @ Tue Jul 14 06:53:33 UTC 2026
// 同步 ID: cab04c9f @ Tue Jul 14 17:42:09 UTC 2026
// 重构日志: 8aa56131
// 重构日志: e7549693
// 重构日志: 3a23e19d
// 重构日志: 71568ddf
// 重构日志: 4ed9d257
// 重构日志: 06337fc6
// 重构日志: 6434e3a3
// 重构日志: 0d8f0ba9
// 重构日志: ea356ee0
// 重构日志: a858e72d
// 重构日志: ce08a432
// 重构日志: 9ab391c7
// 重构日志: 71851069
// 同步 ID: 983e762c @ Mon Jul 20 19:40:42 UTC 2026
// 重构日志: 963d2504
// 重构日志: c6ea39c3
// 同步 ID: d66c062f @ Thu Jul 23 00:33:27 UTC 2026
// 重构日志: d2e8e74b
// 重构日志: c8f4a712
// 同步 ID: d16099af @ Thu Jul 23 13:14:41 UTC 2026
// 同步 ID: b135cd93 @ Thu Jul 23 15:44:32 UTC 2026
// 重构日志: 570a626f
